[debug] [2019-10-15T14:04:45.627Z] ----------------------------------------------------------------------
[debug] [2019-10-15T14:04:45.654Z] Command:       C:\Program Files\nodejs\node.exe C:\Users\J\AppData\Roaming\npm\node_modules\firebase-tools\lib\bin\firebase.js deploy
[debug] [2019-10-15T14:04:45.655Z] CLI Version:   6.0.0
[debug] [2019-10-15T14:04:45.655Z] Platform:      win32
[debug] [2019-10-15T14:04:45.655Z] Node Version:  v10.15.3
[debug] [2019-10-15T14:04:46.341Z] Time:          Tue Oct 15 2019 16:04:45 GMT+0200 (GMT+02:00)
[debug] [2019-10-15T14:04:46.341Z] ----------------------------------------------------------------------
[debug] 
[debug] [2019-10-15T14:04:46.572Z] > command requires scopes: ["email","openid","https://www.googleapis.com/auth/cloudplatformprojects.readonly","https://www.googleapis.com/auth/firebase","https://www.googleapis.com/auth/cloud-platform"]
[debug] [2019-10-15T14:04:46.574Z] > authorizing via signed-in user
[debug] [2019-10-15T14:04:46.574Z] [iam] checking project thegouvernanceproject-9c975 for permissions ["cloudfunctions.functions.create","cloudfunctions.functions.delete","cloudfunctions.functions.get","cloudfunctions.functions.list","cloudfunctions.functions.update","cloudfunctions.operations.get","datastore.indexes.create","datastore.indexes.delete","datastore.indexes.list","datastore.indexes.update","firebase.projects.get","firebasedatabase.instances.update","firebasehosting.sites.update","firebaserules.releases.create","firebaserules.releases.update","firebaserules.rulesets.create"]
[debug] [2019-10-15T14:04:46.576Z] >>> HTTP REQUEST POST https://cloudresourcemanager.googleapis.com/v1/projects/thegouvernanceproject-9c975:testIamPermissions  

[debug] [2019-10-15T14:05:17.892Z] Error: getaddrinfo ENOTFOUND cloudresourcemanager.googleapis.com cloudresourcemanager.googleapis.com:443
    at GetAddrInfoReqWrap.onlookup [as oncomplete] (dns.js:56:26)
[error] 
[error] Error: Server Error. getaddrinfo ENOTFOUND cloudresourcemanager.googleapis.com cloudresourcemanager.googleapis.com:443
[debug] [2019-10-15T14:06:39.648Z] ----------------------------------------------------------------------
[debug] [2019-10-15T14:06:39.652Z] Command:       C:\Program Files\nodejs\node.exe C:\Users\J\AppData\Roaming\npm\node_modules\firebase-tools\lib\bin\firebase.js deploy
[debug] [2019-10-15T14:06:39.652Z] CLI Version:   6.0.0
[debug] [2019-10-15T14:06:39.652Z] Platform:      win32
[debug] [2019-10-15T14:06:39.652Z] Node Version:  v10.15.3
[debug] [2019-10-15T14:06:39.653Z] Time:          Tue Oct 15 2019 16:06:39 GMT+0200 (GMT+02:00)
[debug] [2019-10-15T14:06:39.653Z] ----------------------------------------------------------------------
[debug] 
[debug] [2019-10-15T14:06:39.667Z] > command requires scopes: ["email","openid","https://www.googleapis.com/auth/cloudplatformprojects.readonly","https://www.googleapis.com/auth/firebase","https://www.googleapis.com/auth/cloud-platform"]
[debug] [2019-10-15T14:06:39.668Z] > authorizing via signed-in user
[debug] [2019-10-15T14:06:39.668Z] [iam] checking project thegouvernanceproject-9c975 for permissions ["cloudfunctions.functions.create","cloudfunctions.functions.delete","cloudfunctions.functions.get","cloudfunctions.functions.list","cloudfunctions.functions.update","cloudfunctions.operations.get","datastore.indexes.create","datastore.indexes.delete","datastore.indexes.list","datastore.indexes.update","firebase.projects.get","firebasedatabase.instances.update","firebasehosting.sites.update","firebaserules.releases.create","firebaserules.releases.update","firebaserules.rulesets.create"]
[debug] [2019-10-15T14:06:39.670Z] >>> HTTP REQUEST POST https://cloudresourcemanager.googleapis.com/v1/projects/thegouvernanceproject-9c975:testIamPermissions  

